app/build/intermediates/manifest_merge_blame_file/debug/manifest-merger-blame-debug-report.txt
1<?xml version="1.0" encoding="utf-8"?>
2<manifest xmlns:android="http://schemas.android.com/apk/res/android"
3    package="com.example.freestylemeeting"
4    android:versionCode="1"
5    android:versionName="1.0" >
6
7    <uses-sdk
8        android:minSdkVersion="16"
8-->src\main\AndroidManifest.xml
9        android:targetSdkVersion="28" />
9-->src\main\AndroidManifest.xml
10
11    <uses-permission android:name="android.permission.INTERNET" />
11-->[com.google.firebase:firebase-auth:20.0.0] AndroidManifest.xml:23:5-67
11-->[com.google.firebase:firebase-auth:20.0.0] AndroidManifest.xml:23:22-64
12    <uses-permission android:name="android.permission.ACCESS_NETWORK_STATE" />
12-->[com.google.firebase:firebase-auth:20.0.0] AndroidManifest.xml:24:5-79
12-->[com.google.firebase:firebase-auth:20.0.0] AndroidManifest.xml:24:22-76
13    <uses-permission android:name="android.permission.WAKE_LOCK" />
13-->[com.google.android.gms:play-services-measurement-api:18.0.0] AndroidManifest.xml:24:5-68
13-->[com.google.android.gms:play-services-measurement-api:18.0.0] AndroidManifest.xml:24:22-65
14    <uses-permission android:name="com.google.android.finsky.permission.BIND_GET_INSTALL_REFERRER_SERVICE" />
14-->[com.google.android.gms:play-services-measurement:18.0.0] AndroidManifest.xml:26:5-110
14-->[com.google.android.gms:play-services-measurement:18.0.0] AndroidManifest.xml:26:22-107
15
16    <application
16-->src\main\AndroidManifest.xml:5:5-21:19
17        android:name="androidx.multidex.MultiDexApplication"
18        android:allowBackup="true"
18-->src\main\AndroidManifest.xml:6:9-35
19        android:appComponentFactory="androidx.core.app.CoreComponentFactory"
19-->[androidx.core:core:1.3.1] AndroidManifest.xml:24:18-86
20        android:debuggable="true"
21        android:icon="@mipmap/ic_launcher"
21-->src\main\AndroidManifest.xml:7:9-43
22        android:label="@string/app_name"
22-->src\main\AndroidManifest.xml:8:9-41
23        android:roundIcon="@mipmap/ic_launcher_round"
23-->src\main\AndroidManifest.xml:9:9-54
24        android:supportsRtl="true"
24-->src\main\AndroidManifest.xml:10:9-35
25        android:testOnly="true"
26        android:theme="@style/Theme.FreestyleMeeting" >
26-->src\main\AndroidManifest.xml:11:9-54
27        <activity android:name="com.example.freestylemeeting.RegisterActivity" />
27-->src\main\AndroidManifest.xml:12:9-63
27-->src\main\AndroidManifest.xml:12:19-51
28        <activity android:name="com.example.freestylemeeting.HomeActivity" />
28-->src\main\AndroidManifest.xml:13:9-50
28-->src\main\AndroidManifest.xml:13:19-47
29        <activity android:name="com.example.freestylemeeting.authActivity" >
29-->src\main\AndroidManifest.xml:14:9-20:20
29-->src\main\AndroidManifest.xml:14:19-47
30            <intent-filter>
30-->src\main\AndroidManifest.xml:15:13-19:29
31                <action android:name="android.intent.action.MAIN" />
31-->src\main\AndroidManifest.xml:16:17-69
31-->src\main\AndroidManifest.xml:16:25-66
32
33                <category android:name="android.intent.category.LAUNCHER" />
33-->src\main\AndroidManifest.xml:18:17-77
33-->src\main\AndroidManifest.xml:18:27-74
34            </intent-filter>
35        </activity>
36        <activity
36-->[com.google.firebase:firebase-auth:20.0.0] AndroidManifest.xml:27:9-34:50
37            android:name="com.google.firebase.auth.internal.FederatedSignInActivity"
37-->[com.google.firebase:firebase-auth:20.0.0] AndroidManifest.xml:28:13-85
38            android:excludeFromRecents="true"
38-->[com.google.firebase:firebase-auth:20.0.0] AndroidManifest.xml:29:13-46
39            android:exported="true"
39-->[com.google.firebase:firebase-auth:20.0.0] AndroidManifest.xml:30:13-36
40            android:launchMode="singleTask"
40-->[com.google.firebase:firebase-auth:20.0.0] AndroidManifest.xml:31:13-44
41            android:permission="com.google.firebase.auth.api.gms.permission.LAUNCH_FEDERATED_SIGN_IN"
41-->[com.google.firebase:firebase-auth:20.0.0] AndroidManifest.xml:32:13-102
42            android:theme="@android:style/Theme.Translucent.NoTitleBar" />
42-->[com.google.firebase:firebase-auth:20.0.0] AndroidManifest.xml:33:13-72
43        <activity
43-->[com.google.firebase:firebase-auth:20.0.0] AndroidManifest.xml:35:9-52:20
44            android:name="com.google.firebase.auth.internal.GenericIdpActivity"
44-->[com.google.firebase:firebase-auth:20.0.0] AndroidManifest.xml:36:13-80
45            android:excludeFromRecents="true"
45-->[com.google.firebase:firebase-auth:20.0.0] AndroidManifest.xml:37:13-46
46            android:exported="true"
46-->[com.google.firebase:firebase-auth:20.0.0] AndroidManifest.xml:38:13-36
47            android:launchMode="singleTask"
47-->[com.google.firebase:firebase-auth:20.0.0] AndroidManifest.xml:39:13-44
48            android:theme="@android:style/Theme.Translucent.NoTitleBar" >
48-->[com.google.firebase:firebase-auth:20.0.0] AndroidManifest.xml:40:13-72
49            <intent-filter>
49-->[com.google.firebase:firebase-auth:20.0.0] AndroidManifest.xml:41:13-51:29
50                <action android:name="android.intent.action.VIEW" />
50-->[com.google.firebase:firebase-auth:20.0.0] AndroidManifest.xml:42:17-69
50-->[com.google.firebase:firebase-auth:20.0.0] AndroidManifest.xml:42:25-66
51
52                <category android:name="android.intent.category.DEFAULT" />
52-->[com.google.firebase:firebase-auth:20.0.0] AndroidManifest.xml:44:17-76
52-->[com.google.firebase:firebase-auth:20.0.0] AndroidManifest.xml:44:27-73
53                <category android:name="android.intent.category.BROWSABLE" />
53-->[com.google.firebase:firebase-auth:20.0.0] AndroidManifest.xml:45:17-78
53-->[com.google.firebase:firebase-auth:20.0.0] AndroidManifest.xml:45:27-75
54
55                <data
55-->[com.google.firebase:firebase-auth:20.0.0] AndroidManifest.xml:47:17-50:51
56                    android:host="firebase.auth"
56-->[com.google.firebase:firebase-auth:20.0.0] AndroidManifest.xml:48:21-49
57                    android:path="/"
57-->[com.google.firebase:firebase-auth:20.0.0] AndroidManifest.xml:49:21-37
58                    android:scheme="genericidp" />
58-->[com.google.firebase:firebase-auth:20.0.0] AndroidManifest.xml:50:21-48
59            </intent-filter>
60        </activity>
61        <activity
61-->[com.google.firebase:firebase-auth:20.0.0] AndroidManifest.xml:53:9-70:20
62            android:name="com.google.firebase.auth.internal.RecaptchaActivity"
62-->[com.google.firebase:firebase-auth:20.0.0] AndroidManifest.xml:54:13-79
63            android:excludeFromRecents="true"
63-->[com.google.firebase:firebase-auth:20.0.0] AndroidManifest.xml:55:13-46
64            android:exported="true"
64-->[com.google.firebase:firebase-auth:20.0.0] AndroidManifest.xml:56:13-36
65            android:launchMode="singleTask"
65-->[com.google.firebase:firebase-auth:20.0.0] AndroidManifest.xml:57:13-44
66            android:theme="@android:style/Theme.Translucent.NoTitleBar" >
66-->[com.google.firebase:firebase-auth:20.0.0] AndroidManifest.xml:58:13-72
67            <intent-filter>
67-->[com.google.firebase:firebase-auth:20.0.0] AndroidManifest.xml:59:13-69:29
68                <action android:name="android.intent.action.VIEW" />
68-->[com.google.firebase:firebase-auth:20.0.0] AndroidManifest.xml:42:17-69
68-->[com.google.firebase:firebase-auth:20.0.0] AndroidManifest.xml:42:25-66
69
70                <category android:name="android.intent.category.DEFAULT" />
70-->[com.google.firebase:firebase-auth:20.0.0] AndroidManifest.xml:44:17-76
70-->[com.google.firebase:firebase-auth:20.0.0] AndroidManifest.xml:44:27-73
71                <category android:name="android.intent.category.BROWSABLE" />
71-->[com.google.firebase:firebase-auth:20.0.0] AndroidManifest.xml:45:17-78
71-->[com.google.firebase:firebase-auth:20.0.0] AndroidManifest.xml:45:27-75
72
73                <data
73-->[com.google.firebase:firebase-auth:20.0.0] AndroidManifest.xml:47:17-50:51
74                    android:host="firebase.auth"
74-->[com.google.firebase:firebase-auth:20.0.0] AndroidManifest.xml:48:21-49
75                    android:path="/"
75-->[com.google.firebase:firebase-auth:20.0.0] AndroidManifest.xml:49:21-37
76                    android:scheme="recaptcha" />
76-->[com.google.firebase:firebase-auth:20.0.0] AndroidManifest.xml:50:21-48
77            </intent-filter>
78        </activity>
79
80        <service
80-->[com.google.firebase:firebase-auth:20.0.0] AndroidManifest.xml:72:9-81:19
81            android:name="com.google.firebase.auth.api.fallback.service.FirebaseAuthFallbackService"
81-->[com.google.firebase:firebase-auth:20.0.0] AndroidManifest.xml:73:13-101
82            android:enabled="true"
82-->[com.google.firebase:firebase-auth:20.0.0] AndroidManifest.xml:74:13-35
83            android:exported="false" >
83-->[com.google.firebase:firebase-auth:20.0.0] AndroidManifest.xml:75:13-37
84            <intent-filter>
84-->[com.google.firebase:firebase-auth:20.0.0] AndroidManifest.xml:76:13-80:29
85                <action android:name="com.google.firebase.auth.api.gms.service.START" />
85-->[com.google.firebase:firebase-auth:20.0.0] AndroidManifest.xml:77:17-89
85-->[com.google.firebase:firebase-auth:20.0.0] AndroidManifest.xml:77:25-86
86
87                <category android:name="android.intent.category.DEFAULT" />
87-->[com.google.firebase:firebase-auth:20.0.0] AndroidManifest.xml:44:17-76
87-->[com.google.firebase:firebase-auth:20.0.0] AndroidManifest.xml:44:27-73
88            </intent-filter>
89        </service>
90        <service
90-->[com.google.firebase:firebase-auth:20.0.0] AndroidManifest.xml:82:9-88:19
91            android:name="com.google.firebase.components.ComponentDiscoveryService"
91-->[com.google.firebase:firebase-auth:20.0.0] AndroidManifest.xml:83:13-84
92            android:directBootAware="true"
92-->[com.google.firebase:firebase-common:19.3.1] AndroidManifest.xml:35:13-43
93            android:exported="false" >
93-->[com.google.firebase:firebase-auth:20.0.0] AndroidManifest.xml:84:13-37
94            <meta-data
94-->[com.google.firebase:firebase-auth:20.0.0] AndroidManifest.xml:85:13-87:85
95                android:name="com.google.firebase.components:com.google.firebase.auth.FirebaseAuthRegistrar"
95-->[com.google.firebase:firebase-auth:20.0.0] AndroidManifest.xml:86:17-109
96                android:value="com.google.firebase.components.ComponentRegistrar" />
96-->[com.google.firebase:firebase-auth:20.0.0] AndroidManifest.xml:87:17-82
97            <meta-data
97-->[com.google.firebase:firebase-database:19.5.1] AndroidManifest.xml:32:13-34:85
98                android:name="com.google.firebase.components:com.google.firebase.database.DatabaseRegistrar"
98-->[com.google.firebase:firebase-database:19.5.1] AndroidManifest.xml:33:17-109
99                android:value="com.google.firebase.components.ComponentRegistrar" />
99-->[com.google.firebase:firebase-database:19.5.1] AndroidManifest.xml:34:17-82
100            <meta-data
100-->[com.google.firebase:firebase-firestore:22.0.0] AndroidManifest.xml:20:13-22:85
101                android:name="com.google.firebase.components:com.google.firebase.firestore.FirestoreRegistrar"
101-->[com.google.firebase:firebase-firestore:22.0.0] AndroidManifest.xml:21:17-111
102                android:value="com.google.firebase.components.ComponentRegistrar" />
102-->[com.google.firebase:firebase-firestore:22.0.0] AndroidManifest.xml:22:17-82
103            <meta-data
103-->[com.google.android.gms:play-services-measurement-api:18.0.0] AndroidManifest.xml:30:13-32:85
104                android:name="com.google.firebase.components:com.google.firebase.analytics.connector.internal.AnalyticsConnectorRegistrar"
104-->[com.google.android.gms:play-services-measurement-api:18.0.0] AndroidManifest.xml:31:17-139
105                android:value="com.google.firebase.components.ComponentRegistrar" />
105-->[com.google.android.gms:play-services-measurement-api:18.0.0] AndroidManifest.xml:32:17-82
106            <meta-data
106-->[com.google.firebase:firebase-installations:16.3.3] AndroidManifest.xml:17:13-19:85
107                android:name="com.google.firebase.components:com.google.firebase.installations.FirebaseInstallationsRegistrar"
107-->[com.google.firebase:firebase-installations:16.3.3] AndroidManifest.xml:18:17-127
108                android:value="com.google.firebase.components.ComponentRegistrar" />
108-->[com.google.firebase:firebase-installations:16.3.3] AndroidManifest.xml:19:17-82
109        </service>
110
111        <provider
111-->[com.google.firebase:firebase-common:19.3.1] AndroidManifest.xml:26:9-31:39
112            android:name="com.google.firebase.provider.FirebaseInitProvider"
112-->[com.google.firebase:firebase-common:19.3.1] AndroidManifest.xml:27:13-77
113            android:authorities="com.example.freestylemeeting.firebaseinitprovider"
113-->[com.google.firebase:firebase-common:19.3.1] AndroidManifest.xml:28:13-72
114            android:directBootAware="true"
114-->[com.google.firebase:firebase-common:19.3.1] AndroidManifest.xml:29:13-43
115            android:exported="false"
115-->[com.google.firebase:firebase-common:19.3.1] AndroidManifest.xml:30:13-37
116            android:initOrder="100" />
116-->[com.google.firebase:firebase-common:19.3.1] AndroidManifest.xml:31:13-36
117
118        <activity
118-->[com.google.android.gms:play-services-base:17.1.0] AndroidManifest.xml:23:9-26:75
119            android:name="com.google.android.gms.common.api.GoogleApiActivity"
119-->[com.google.android.gms:play-services-base:17.1.0] AndroidManifest.xml:24:13-79
120            android:exported="false"
120-->[com.google.android.gms:play-services-base:17.1.0] AndroidManifest.xml:25:13-37
121            android:theme="@android:style/Theme.Translucent.NoTitleBar" />
121-->[com.google.android.gms:play-services-base:17.1.0] AndroidManifest.xml:26:13-72
122
123        <receiver
123-->[com.google.android.gms:play-services-measurement:18.0.0] AndroidManifest.xml:29:9-33:20
124            android:name="com.google.android.gms.measurement.AppMeasurementReceiver"
124-->[com.google.android.gms:play-services-measurement:18.0.0] AndroidManifest.xml:30:13-85
125            android:enabled="true"
125-->[com.google.android.gms:play-services-measurement:18.0.0] AndroidManifest.xml:31:13-35
126            android:exported="false" >
126-->[com.google.android.gms:play-services-measurement:18.0.0] AndroidManifest.xml:32:13-37
127        </receiver>
128
129        <service
129-->[com.google.android.gms:play-services-measurement:18.0.0] AndroidManifest.xml:35:9-38:40
130            android:name="com.google.android.gms.measurement.AppMeasurementService"
130-->[com.google.android.gms:play-services-measurement:18.0.0] AndroidManifest.xml:36:13-84
131            android:enabled="true"
131-->[com.google.android.gms:play-services-measurement:18.0.0] AndroidManifest.xml:37:13-35
132            android:exported="false" />
132-->[com.google.android.gms:play-services-measurement:18.0.0] AndroidManifest.xml:38:13-37
133        <service
133-->[com.google.android.gms:play-services-measurement:18.0.0] AndroidManifest.xml:39:9-43:72
134            android:name="com.google.android.gms.measurement.AppMeasurementJobService"
134-->[com.google.android.gms:play-services-measurement:18.0.0] AndroidManifest.xml:40:13-87
135            android:enabled="true"
135-->[com.google.android.gms:play-services-measurement:18.0.0] AndroidManifest.xml:41:13-35
136            android:exported="false"
136-->[com.google.android.gms:play-services-measurement:18.0.0] AndroidManifest.xml:42:13-37
137            android:permission="android.permission.BIND_JOB_SERVICE" />
137-->[com.google.android.gms:play-services-measurement:18.0.0] AndroidManifest.xml:43:13-69
138
139        <meta-data
139-->[com.google.android.gms:play-services-basement:17.1.0] AndroidManifest.xml:23:9-25:69
140            android:name="com.google.android.gms.version"
140-->[com.google.android.gms:play-services-basement:17.1.0] AndroidManifest.xml:24:13-58
141            android:value="@integer/google_play_services_version" />
141-->[com.google.android.gms:play-services-basement:17.1.0] AndroidManifest.xml:25:13-66
142    </application>
143
144</manifest>